<?xml version="1.0" encoding="UTF-8"?>
<!-- Generated by org.testng.reporters.JUnitReportReporter -->
<testsuite hostname="DESKTOP-HCMDDC7" failures="0" tests="1" name="com.bd.Aug23.TMSPage" time="30.207" errors="0" timestamp="2023-08-08T03:05:42 BDT" skipped="0">
  <testcase classname="com.bd.Aug23.TMSPage" name="login" time="30.207"/>
  <system-out/>
</testsuite> <!-- com.bd.Aug23.TMSPage -->
